<?xml version="1.0" encoding="UTF-8"?>
<!-- Generated by org.testng.reporters.JUnitReportReporter -->
<testsuite hostname="LTIN593322" failures="0" tests="8" name="testing.CourseraTestNG" time="66.927" errors="0" timestamp="2025-05-22T16:54:37 IST" skipped="0">
  <testcase classname="testing.CourseraTestNG" name="testHomePageLoad" time="2.029"/>
  <testcase classname="testing.CourseraTestNG" name="testHomePageLoad" time="2.042"/>
  <testcase classname="testing.CourseraTestNG" name="testWebDevelopmentCourses" time="15.232"/>
  <testcase classname="testing.CourseraTestNG" name="testWebDevelopmentCourses" time="15.759"/>
  <testcase classname="testing.CourseraTestNG" name="testLanguageLearningCourses" time="0.646"/>
  <testcase classname="testing.CourseraTestNG" name="testLanguageLearningCourses" time="0.749"/>
  <testcase classname="testing.CourseraTestNG" name="testFormValidation" time="15.031"/>
  <testcase classname="testing.CourseraTestNG" name="testFormValidation" time="15.439"/>
</testsuite> <!-- testing.CourseraTestNG -->
