<?xml version="1.0" encoding="UTF-8"?>
<!-- Generated by org.testng.reporters.JUnitReportReporter -->
<testsuite hostname="LTIN593322" failures="0" tests="8" name="testing.CourseraTestNG" time="85.821" errors="0" timestamp="2025-05-19T09:53:44 IST" skipped="0">
  <testcase classname="testing.CourseraTestNG" name="testHomePageLoad" time="2.030"/>
  <testcase classname="testing.CourseraTestNG" name="testHomePageLoad" time="2.062"/>
  <testcase classname="testing.CourseraTestNG" name="testWebDevelopmentCourses" time="25.822"/>
  <testcase classname="testing.CourseraTestNG" name="testWebDevelopmentCourses" time="17.438"/>
  <testcase classname="testing.CourseraTestNG" name="testLanguageLearningCourses" time="1.052"/>
  <testcase classname="testing.CourseraTestNG" name="testLanguageLearningCourses" time="0.859"/>
  <testcase classname="testing.CourseraTestNG" name="testFormValidation" time="17.336"/>
  <testcase classname="testing.CourseraTestNG" name="testFormValidation" time="19.222"/>
</testsuite> <!-- testing.CourseraTestNG -->
